<?xml version="1.0" encoding="UTF-8"?>
<!-- Generated by org.testng.reporters.JUnitReportReporter -->
<testsuite skipped="0" hostname="DESKTOP-449E9V8" name="autoIT_with_Selenium.RunAutoITwithSelenium" tests="1" failures="0" timestamp="16 aoÃ»t 2019 16:59:51 GMT" time="12.860" errors="0">
  <testcase name="Test" time="12.860" classname="autoIT_with_Selenium.RunAutoITwithSelenium"/>
</testsuite> <!-- autoIT_with_Selenium.RunAutoITwithSelenium -->
