<?xml version="1.0" encoding="UTF-8"?>
<!-- Generated by org.testng.reporters.JUnitReportReporter -->
<testsuite skipped="0" hostname="DESKTOP-449E9V8" name="test.ExtendReportsDemoWithTestNG" tests="2" failures="0" timestamp="14 Aug 2019 16:12:44 GMT" time="1.762" errors="0">
  <testcase name="Test2" time="0.393" classname="test.ExtendReportsDemoWithTestNG"/>
  <testcase name="Test1" time="1.369" classname="test.ExtendReportsDemoWithTestNG"/>
</testsuite> <!-- test.ExtendReportsDemoWithTestNG -->
