<?xml version="1.0" encoding="UTF-8"?>
<!-- Generated by org.testng.reporters.JUnitReportReporter -->
<testsuite skipped="0" hostname="DESKTOP-449E9V8" name="testNGGroupe.TestNGGroupeDemo" tests="2" failures="0" timestamp="15 aoÃ»t 2019 16:59:43 GMT" time="0.019" errors="0">
  <testcase name="Test1" time="0.017" classname="testNGGroupe.TestNGGroupeDemo"/>
  <testcase name="Test2" time="0.002" classname="testNGGroupe.TestNGGroupeDemo"/>
</testsuite> <!-- testNGGroupe.TestNGGroupeDemo -->
