<?xml version="1.0" encoding="UTF-8"?>
<!-- Generated by org.testng.reporters.JUnitReportReporter -->
<testsuite skipped="0" hostname="DESKTOP-449E9V8" name="headlessChrome.HeadlessChromeDemo" tests="1" failures="0" timestamp="16 aoÃ»t 2019 15:22:35 GMT" time="6.383" errors="0">
  <testcase name="TestHeadlessChrome" time="6.383" classname="headlessChrome.HeadlessChromeDemo"/>
</testsuite> <!-- headlessChrome.HeadlessChromeDemo -->
